[2025-07-02 10:56:03] [FLASK-INFO] ==================================================
[2025-07-02 10:56:03] [FLASK-INFO] MUSICAS IGREJA - FLASK APPLICATION STARTING
[2025-07-02 10:56:03] [FLASK-INFO] ==================================================
[2025-07-02 10:56:03] [FLASK-INFO] Log file: logs/2025-07-02_sistema.log
[2025-07-02 10:56:03] [FLASK-INFO] Debug mode: False
[2025-07-02 10:56:03] [FLASK-INFO] Max content length: 50MB
[2025-07-02 10:59:35] SUCESSO: Servidor HTTP respondendo (Status: 200)
[2025-07-02 12:28:42] [FLASK-INFO] ==================================================
[2025-07-02 12:28:42] [FLASK-INFO] MUSICAS IGREJA - FLASK APPLICATION STARTING
[2025-07-02 12:28:42] [FLASK-INFO] ==================================================
[2025-07-02 12:28:42] [FLASK-INFO] Log file: logs/2025-07-02_sistema.log
[2025-07-02 12:28:42] [FLASK-INFO] Debug mode: False
[2025-07-02 12:28:42] [FLASK-INFO] Max content length: 50MB
[2025-07-02 12:29:05] [FLASK-INFO] ==================================================
[2025-07-02 12:29:05] [FLASK-INFO] MUSICAS IGREJA - FLASK APPLICATION STARTING
[2025-07-02 12:29:05] [FLASK-INFO] ==================================================
[2025-07-02 12:29:05] [FLASK-INFO] Log file: logs/2025-07-02_sistema.log
[2025-07-02 12:29:05] [FLASK-INFO] Debug mode: False
[2025-07-02 12:29:05] [FLASK-INFO] Max content length: 50MB
[2025-07-02 12:31:11] SUCESSO: Servidor HTTP respondendo (Status: 200)
[2025-07-02 13:04:58] [FLASK-INFO] ==================================================
[2025-07-02 13:04:58] [FLASK-INFO] MUSICAS IGREJA - FLASK APPLICATION STARTING
[2025-07-02 13:04:58] [FLASK-INFO] ==================================================
[2025-07-02 13:04:58] [FLASK-INFO] Log file: logs/2025-07-02_sistema.log
[2025-07-02 13:04:58] [FLASK-INFO] Debug mode: False
[2025-07-02 13:04:58] [FLASK-INFO] Max content length: 50MB
[2025-07-02 13:05:06] [FLASK-INFO] ==================================================
[2025-07-02 13:05:06] [FLASK-INFO] MUSICAS IGREJA - FLASK APPLICATION STARTING
[2025-07-02 13:05:06] [FLASK-INFO] ==================================================
[2025-07-02 13:05:06] [FLASK-INFO] Log file: logs/2025-07-02_sistema.log
[2025-07-02 13:05:06] [FLASK-INFO] Debug mode: False
[2025-07-02 13:05:06] [FLASK-INFO] Max content length: 50MB
[2025-07-02 13:05:45] [FLASK-INFO] ==================================================
[2025-07-02 13:05:45] [FLASK-INFO] MUSICAS IGREJA - FLASK APPLICATION STARTING
[2025-07-02 13:05:45] [FLASK-INFO] ==================================================
[2025-07-02 13:05:45] [FLASK-INFO] Log file: logs/2025-07-02_sistema.log
[2025-07-02 13:05:45] [FLASK-INFO] Debug mode: False
[2025-07-02 13:05:45] [FLASK-INFO] Max content length: 50MB
[2025-07-02 13:17:17] [FLASK-INFO] ==================================================
[2025-07-02 13:17:17] [FLASK-INFO] MUSICAS IGREJA - FLASK APPLICATION STARTING
[2025-07-02 13:17:17] [FLASK-INFO] ==================================================
[2025-07-02 13:17:17] [FLASK-INFO] Log file: logs/2025-07-02_sistema.log
[2025-07-02 13:17:17] [FLASK-INFO] Debug mode: False
[2025-07-02 13:17:17] [FLASK-INFO] Max content length: 50MB
[2025-07-02 13:25:28] [FLASK-INFO] Arquivo antigo removido: organized\Final\Canção de Pedro - Banda Dom.pdf
[2025-07-02 13:25:28] [FLASK-INFO] PDF substituído com sucesso para música ID 25: Canção de Pedro - Banda Dom.pdf -> Canção de Pedro - Banda Dom.pdf
[2025-07-02 13:29:02] [FLASK-INFO] ==================================================
[2025-07-02 13:29:02] [FLASK-INFO] MUSICAS IGREJA - FLASK APPLICATION STARTING
[2025-07-02 13:29:02] [FLASK-INFO] ==================================================
[2025-07-02 13:29:02] [FLASK-INFO] Log file: logs/2025-07-02_sistema.log
[2025-07-02 13:29:02] [FLASK-INFO] Debug mode: False
[2025-07-02 13:29:02] [FLASK-INFO] Max content length: 50MB
[2025-07-02 13:32:12] [FLASK-INFO] ==================================================
[2025-07-02 13:32:12] [FLASK-INFO] MUSICAS IGREJA - FLASK APPLICATION STARTING
[2025-07-02 13:32:12] [FLASK-INFO] ==================================================
[2025-07-02 13:32:12] [FLASK-INFO] Log file: logs/2025-07-02_sistema.log
[2025-07-02 13:32:12] [FLASK-INFO] Debug mode: False
[2025-07-02 13:32:12] [FLASK-INFO] Max content length: 50MB
[2025-07-02 13:35:51] [FLASK-ERROR] Erro ao duplicar música: NOT NULL constraint failed: pdf_files.original_name
[2025-07-02 13:36:41] [FLASK-ERROR] Erro ao duplicar música: NOT NULL constraint failed: pdf_files.original_name
[2025-07-02 13:38:23] [FLASK-INFO] Executando escaneamento automático para arquivo ID: 111
